\o Program:		@(#)$CDS: libManager version 6.1.8 - CAT37 08/30/2023 13:17 (sjfdcl1037) $
\o Sub version:		sub-version  s342 
\o Arguments:		-mpssession virtuoso11514 -mpshost n01-zeus.olympus.ece.tamu.edu 
\o Working Directory:	n01-zeus.olympus.ece.tamu.edu:/home/ugrads/m/m.ruiz_21/opt/ECEN454
\o 64-bit offsets
\o Qt version: 		5.9.1
\o Log file is "/home/ugrads/m/m.ruiz_21/opt/ECEN454/libManager.log".
\o Opening libManager window.
\a nrResizeWindow(cdsLibManager list(34 57 602 491))
\a nrSetCurrentWindow(cdsLibManager)
\o MPS virtuoso types registered: 65
\o changeWorkingDir("/home/ugrads/m/m.ruiz_21/opt/ECEN454") unnecessary.
\o ddSetForcedLib("") unnecessary.
\o MPS service: map window
\o Library Manager customization server connected.
\o MPS service: map window
\a nrSetCurrentWindow(cdsLibManager)
\a cdsLibManager->editLibraryPathButton->value = t
\o Starting the cdsLibEditor...
\a nrSetCurrentWindow(cdsLibManager)
\a nrSetCurrentWindow(cdsLibManager)
\a cdsLibManager->editLibraryPathButton->value = t
\o Starting the cdsLibEditor...
\a nrSetCurrentWindow(cdsLibManager)
\a cdsLibManager->FileNewLibButton->value = t
\a nrSetWindowVisibility(NewLibShell "show")
\a nrResizeWindow(NewLibShell list(72 0 507 559))
\a nrSetCurrentWindow(NewLibShell)
\a nrSetCurrentWindow(NewLibShell->subDialog)
\a nrResizeWindow(NewLibShell list(72 31 507 559))
\a NewLibShell->newLibNameText->value = "Design"
\a NewLibShell->newLibOKButton->value = t
\a nrSetWindowVisibility(workingDialogForm "show")
\a nrResizeWindow(workingDialogForm list(185 196 281 133))
\a nrSetCurrentWindow(workingDialogForm)
\o Created new library "Design" at /home/ugrads/m/m.ruiz_21/opt/ECEN454/Design.
\a nrSetCurrentWindow(cdsLibManager)
\a nrSetCurrentWindow(cdsLibManager)
\a nrSetCurrentWindow(cdsLibManager)
\a nrSetCurrentWindow(cdsLibManager)
\a cdsLibManager->libListBox->value = "Design"
\a cdsLibManager->libLineEdit->value = "Design"
\a cdsLibManager->FileNewCategory->value = t
\a editCategory->categoryNameEdit->value = "newCat"
\a nrSetWindowVisibility(editCategory "show")
\a nrResizeWindow(editCategory list(93 37 465 450))
\a nrSetCurrentWindow(editCategory)
\a nrResizeWindow(editCategory list(93 37 465 515))
\a nrSetCurrentWindow(cdsLibManager)
\a cdsLibManager->FileNewCVButton->value = t
\a cdsLibManager->libListBox->value = nil
\a cdsLibManager->libLineEdit->value = ""
\a cdsLibManager->libListBox->value = "Design"
\a cdsLibManager->libLineEdit->value = "Design"
\a cdsLibManager->libListBox->value = nil
\a cdsLibManager->libLineEdit->value = ""
\a cdsLibManager->libListBox->value = "Design"
\a cdsLibManager->libLineEdit->value = "Design"
\a cdsLibManager->cellListBox->value = "fulladder"
\a cdsLibManager->cellLineEdit->value = "fulladder"
\a cdsLibManager->viewListBox->value = "schematic"
\a cdsLibManager->viewLineEdit->value = "schematic"
\a cdsLibManager->cellLineEdit->value = ""
\a cdsLibManager->cellListBox->value = nil
\a cdsLibManager->viewLineEdit->value = ""
\a cdsLibManager->viewListBox->value = nil
\a cdsLibManager->cellListBox->value = "fulladder"
\a cdsLibManager->cellLineEdit->value = "fulladder"
\a cdsLibManager->viewListBox->value = "schematic"
\a cdsLibManager->viewLineEdit->value = "schematic"
\a cdsLibManager->viewLineEdit->value = ""
\a cdsLibManager->viewListBox->value = nil
\a cdsLibManager->viewListBox->value = "schematic"
\a cdsLibManager->viewLineEdit->value = "schematic"
\a cdsLibManager->viewLineEdit->value = ""
\a cdsLibManager->cellLineEdit->value = ""
\a nrSetCurrentWindow(cdsLibManager)
\a cdsLibManager->libListBox->value = "NCSU_TechLib_ami06"
\a cdsLibManager->libLineEdit->value = "NCSU_TechLib_ami06"
\a cdsLibManager->libListBox->value = "NCSU_TechLib_tsmc02"
\a cdsLibManager->libLineEdit->value = "NCSU_TechLib_tsmc02"
\a cdsLibManager->libListBox->value = "NCSU_Analog_Parts"
\a cdsLibManager->libLineEdit->value = "NCSU_Analog_Parts"
\a cdsLibManager->libListBox->value = "Design"
\a cdsLibManager->libLineEdit->value = "Design"
\a cdsLibManager->libListBox->value = "NCSU_TechLib_hp06"
\a cdsLibManager->libLineEdit->value = "NCSU_TechLib_hp06"
\a cdsLibManager->libListBox->value = "Design"
\a cdsLibManager->libLineEdit->value = "Design"
\a cdsLibManager->FileNewLibButton->value = t
\a NewLibShell->newLibNameText->value = ""
\a NewLibShell->QLineEdit1->value = ""
\a NewLibShell->QLineEdit1->value = "/home/ugrads/m/m.ruiz_21/opt/ECEN454"
\a nrSetWindowVisibility(NewLibShell->subDialog "show")
\a nrResizeWindow(NewLibShell list(72 0 507 559))
\a nrSetCurrentWindow(NewLibShell)
\a nrSetCurrentWindow(NewLibShell->subDialog)
\a nrSetCurrentWindow(cdsLibManager)
\a cdsLibManager->FileNewCVButton->value = t
\a cdsLibManager->libListBox->value = nil
\a cdsLibManager->libLineEdit->value = ""
\a cdsLibManager->libListBox->value = "Design"
\a cdsLibManager->libLineEdit->value = "Design"
\a nrSetCurrentWindow(cdsLibManager)
\a nrSetCurrentWindow(cdsLibManager)
\a nrSetWindowVisibility(cdsLibManager "hide")
\a nrResizeWindow(cdsLibManager list(0 0 602 491))
\a nrSetWindowVisibility(cdsLibManager "show")
\a nrSetCurrentWindow(cdsLibManager)
\a nrResizeWindow(cdsLibManager list(34 57 602 491))
\a nrSetWindowVisibility(cdsLibManager "hide")
\a _lmgrCloseIconify("cdsLibManager" 1)
\a nrSetWindowVisibility(cdsLibManager "show")
\a _lmgrCloseIconify("cdsLibManager" 0)
\a nrSetWindowVisibility(cdsLibManager "hide")
\a _lmgrCloseIconify("cdsLibManager" 1)
\a nrSetCurrentWindow(cdsLibManager)
\a nrSetWindowVisibility(cdsLibManager "show")
\a _lmgrCloseIconify("cdsLibManager" 0)
\o MPS service: shutdown
\o libManager is exiting.
\a exit(0)
